<?xml version="1.0" encoding="UTF-8"?>
<!-- Generated by org.testng.reporters.JUnitReportReporter -->
<testsuite hostname="DESKTOP-TIQTBBA" failures="0" tests="1" name="MobileAutomation.Appium.AppiumBasics" time="13.263" errors="0" timestamp="2023-10-22T16:55:05 PKT" skipped="0">
  <testcase classname="MobileAutomation.Appium.AppiumBasics" name="WifiSettingName" time="13.263"/>
</testsuite> <!-- MobileAutomation.Appium.AppiumBasics -->
